<?xml version="1.0" encoding="UTF-8"?>
<!-- Generated by org.testng.reporters.JUnitReportReporter -->
<testsuite skipped="0" hostname="DESKTOP-1PGN30M" name="com.xyz.testcases.TestCaseBankManagerLogin" tests="1" failures="0" timestamp="25 Dec 2018 22:26:09 GMT" time="3.129" errors="0">
  <testcase name="TestCaseBankManagerLogin" time="3.129" classname="com.xyz.testcases.TestCaseBankManagerLogin"/>
</testsuite> <!-- com.xyz.testcases.TestCaseBankManagerLogin -->
