<?xml version="1.0" encoding="UTF-8"?>
<!-- Generated by org.testng.reporters.JUnitReportReporter -->
<testsuite skipped="1" hostname="DESKTOP-1PGN30M" name="com.xyz.testcases.TestCaseAddCustomerBankManager" tests="4" failures="0" timestamp="07 Jan 2020 18:21:35 GMT" time="11.303" errors="0">
  <testcase name="testCaseAddCustomerBankManager" time="0.001" classname="com.xyz.testcases.TestCaseAddCustomerBankManager">
    <skipped/>
  </testcase> <!-- testCaseAddCustomerBankManager -->
  <testcase name="testCaseAddCustomerBankManager" time="4.652" classname="com.xyz.testcases.TestCaseAddCustomerBankManager"/>
  <testcase name="testCaseAddCustomerBankManager" time="3.318" classname="com.xyz.testcases.TestCaseAddCustomerBankManager"/>
  <testcase name="testCaseAddCustomerBankManager" time="3.332" classname="com.xyz.testcases.TestCaseAddCustomerBankManager"/>
</testsuite> <!-- com.xyz.testcases.TestCaseAddCustomerBankManager -->
